#
# A fatal error has been detected by the Java Runtime Environment:
#
#  SIGSEGV (0xb) at pc=0x00000001062b448b, pid=2688, tid=0x0000000000004503
#
# JRE version: Java(TM) SE Runtime Environment (8.0_171-b11) (build 1.8.0_171-b11)
# Java VM: Java HotSpot(TM) 64-Bit Server VM (25.171-b11 mixed mode bsd-amd64 compressed oops)
# Problematic frame:
# V  [libjvm.dylib+0x2b448b]
#
# Failed to write core dump. Core dumps have been disabled. To enable core dumping, try "ulimit -c unlimited" before starting Java again
#
# If you would like to submit a bug report, please visit:
#   http://bugreport.java.com/bugreport/crash.jsp
#

---------------  T H R E A D  ---------------

Current thread (0x00007ff3f0004800):  JavaThread "C2 CompilerThread0" daemon [_thread_in_native, id=17667, stack(0x00007000084e6000,0x00007000085e6000)]

siginfo: si_signo: 11 (SIGSEGV), si_code: 1 (SEGV_MAPERR), si_addr: 0x0000000000000000

Registers:
RAX=0x0000000000000000, RBX=0x00007000085e26c0, RCX=0x0000000000000000, RDX=0x0000000000001e00
RSP=0x00007000085e2690, RBP=0x00007000085e26b0, RSI=0x0000000000000007, RDI=0x00007ff3fa43a480
R8 =0x0000000000000069, R9 =0xffffffff00000000, R10=0x000000010683c1e8, R11=0x000000010683c1f0
R12=0x00000001068eddf0, R13=0x00007000085e2918, R14=0x000000000000001e, R15=0x0000000000001e00
RIP=0x00000001062b448b, EFLAGS=0x0000000000010293, ERR=0x0000000000000004
  TRAPNO=0x000000000000000e

Top of Stack: (sp=0x00007000085e2690)
0x00007000085e2690:   00007000085e28d8 00007000085e2730
0x00007000085e26a0:   0000000000009dfc 00007000085e26c0
0x00007000085e26b0:   00007000085e2710 00000001062affd0
0x00007000085e26c0:   00000d5400000000 00007ff300000003
0x00007000085e26d0:   0000000000000000 00007ff30000000e
0x00007000085e26e0:   00007ff3fbc85f10 00007000000000a0
0x00007000085e26f0:   000000012583fd90 00007000085e34e0
0x00007000085e2700:   00007000085e35c8 00000001068eddf0
0x00007000085e2710:   00007000085e2a20 0000000106161d01
0x00007000085e2720:   00007000085e27f0 00007fff67b8b859
0x00007000085e2730:   00007ff3f78dd0b0 00007ff3f78dd0b0
0x00007000085e2740:   fd00000070001004 000000000000ffff
0x00007000085e2750:   00007000085e2850 00000001063b5a02
0x00007000085e2760:   0000000000000400 00007ff3efd951c0
0x00007000085e2770:   00000008085e008c 0000000104ea2a00
0x00007000085e2780:   00007ff3f27df1e8 0000000000000004
0x00007000085e2790:   0000000104e98380 0000000000000000
0x00007000085e27a0:   0000000000000000 0000000000002800
0x00007000085e27b0:   0000000000000000 0000000000011720
0x00007000085e27c0:   00000000085e28d8 00007000085e2890
0x00007000085e27d0:   0000000000000000 00007000085e4f80
0x00007000085e27e0:   00007fffa0014000 0000000000011720
0x00007000085e27f0:   00000001068d0220 00007fff0000000d
0x00007000085e2800:   00007000085e4f80 00007000085e34e0
0x00007000085e2810:   0000000000000000 00007ff3f4df2cd0
0x00007000085e2820:   00007000085e2840 00007fff67b8a4c7
0x00007000085e2830:   0000000000000000 00007000085e2890
0x00007000085e2840:   00007000085e2880 000000010648767a
0x00007000085e2850:   00007ff3efd35e00 0000000000011720
0x00007000085e2860:   00007ff3f8040400 00007000085e4f80
0x00007000085e2870:   0000000000000000 0000000000011720
0x00007000085e2880:   00007000085e28d0 00000001060a4bed 

Instructions: (pc=0x00000001062b448b)
0x00000001062b446b:   e9 b6 e1 ea ff 44 89 f0 48 8b 4b 20 48 8b 04 c1
0x00000001062b447b:   4c 39 e0 74 2d 48 89 43 10 31 c9 44 89 fa eb 0c
0x00000001062b448b:   83 3c 88 00 75 bb 83 c2 20 48 ff c1 83 f9 08 72
0x00000001062b449b:   ef 48 8b 7b 30 48 85 ff 74 08 44 89 f6 e8 c7 fe 

Register to memory mapping:

RAX=0x0000000000000000 is an unknown value
RBX=0x00007000085e26c0 is pointing into the stack for thread: 0x00007ff3f0004800
RCX=0x0000000000000000 is an unknown value
RDX=0x0000000000001e00 is an unknown value
RSP=0x00007000085e2690 is pointing into the stack for thread: 0x00007ff3f0004800
RBP=0x00007000085e26b0 is pointing into the stack for thread: 0x00007ff3f0004800
RSI=0x0000000000000007 is an unknown value
RDI=0x00007ff3fa43a480 is an unknown value
R8 =0x0000000000000069 is an unknown value
R9 =0xffffffff00000000 is an unknown value
R10=0x000000010683c1e8: _ZL8tc_mutex+0x18 in /Library/Java/JavaVirtualMachines/jdk1.8.0_171.jdk/Contents/Home/jre/lib/server/libjvm.dylib at 0x0000000106000000
R11=0x000000010683c1f0: _ZL8tc_mutex+0x20 in /Library/Java/JavaVirtualMachines/jdk1.8.0_171.jdk/Contents/Home/jre/lib/server/libjvm.dylib at 0x0000000106000000
R12=0x00000001068eddf0: _ZN8IndexSet12_empty_blockE+0 in /Library/Java/JavaVirtualMachines/jdk1.8.0_171.jdk/Contents/Home/jre/lib/server/libjvm.dylib at 0x0000000106000000
R13=0x00007000085e2918 is pointing into the stack for thread: 0x00007ff3f0004800
R14=0x000000000000001e is an unknown value
R15=0x0000000000001e00 is an unknown value


Stack: [0x00007000084e6000,0x00007000085e6000],  sp=0x00007000085e2690,  free space=1009k
Native frames: (J=compiled Java code, j=interpreted, Vv=VM code, C=native code)
V  [libjvm.dylib+0x2b448b]
V  [libjvm.dylib+0x2affd0]
V  [libjvm.dylib+0x161d01]
V  [libjvm.dylib+0x1afde4]
V  [libjvm.dylib+0x1b3fe1]
V  [libjvm.dylib+0x150f22]
V  [libjvm.dylib+0x1b767e]
V  [libjvm.dylib+0x1b9bc5]
V  [libjvm.dylib+0x56eb0f]
V  [libjvm.dylib+0x57020a]
V  [libjvm.dylib+0x48d4a6]
C  [libsystem_pthread.dylib+0x3661]  _pthread_body+0x154
C  [libsystem_pthread.dylib+0x350d]  _pthread_body+0x0
C  [libsystem_pthread.dylib+0x2bf9]  thread_start+0xd
C  0x0000000000000000


Current CompileTask:
C2:  19156 5453   !   4       org.springframework.core.annotation.AnnotatedElementUtils::searchWithFindSemantics (785 bytes)


---------------  P R O C E S S  ---------------

Java Threads: ( => current thread )
  0x00007ff3f6171000 JavaThread "spring.cloud.inetutils" daemon [_thread_blocked, id=24067, stack(0x0000700008e01000,0x0000700008f01000)]
  0x00007ff3f0839000 JavaThread "container-0" [_thread_blocked, id=23559, stack(0x0000700008cfe000,0x0000700008dfe000)]
  0x00007ff3efad4800 JavaThread "ContainerBackgroundProcessor[StandardEngine[Tomcat]]" daemon [_thread_blocked, id=23055, stack(0x0000700008bfb000,0x0000700008cfb000)]
  0x00007ff3f081a800 JavaThread "Service Thread" daemon [_thread_blocked, id=43267, stack(0x00007000088f2000,0x00007000089f2000)]
  0x00007ff3f0007000 JavaThread "C1 CompilerThread3" daemon [_thread_blocked, id=22019, stack(0x00007000087ef000,0x00007000088ef000)]
  0x00007ff3f0006800 JavaThread "C2 CompilerThread2" daemon [_thread_in_native, id=16899, stack(0x00007000086ec000,0x00007000087ec000)]
  0x00007ff3f3000000 JavaThread "C2 CompilerThread1" daemon [_thread_in_native, id=17155, stack(0x00007000085e9000,0x00007000086e9000)]
=>0x00007ff3f0004800 JavaThread "C2 CompilerThread0" daemon [_thread_in_native, id=17667, stack(0x00007000084e6000,0x00007000085e6000)]
  0x00007ff3f0000800 JavaThread "JDWP Command Reader" daemon [_thread_in_native, id=18179, stack(0x00007000083e3000,0x00007000084e3000)]
  0x00007ff3f1844800 JavaThread "JDWP Event Helper Thread" daemon [_thread_blocked, id=16131, stack(0x00007000082e0000,0x00007000083e0000)]
  0x00007ff3f1859800 JavaThread "JDWP Transport Listener: dt_socket" daemon [_thread_blocked, id=18695, stack(0x00007000081dd000,0x00007000082dd000)]
  0x00007ff3f2801800 JavaThread "Signal Dispatcher" daemon [_thread_blocked, id=18955, stack(0x00007000080da000,0x00007000081da000)]
  0x00007ff3f0818800 JavaThread "Finalizer" daemon [_thread_blocked, id=13571, stack(0x0000700007fd7000,0x00007000080d7000)]
  0x00007ff3ef841000 JavaThread "Reference Handler" daemon [_thread_blocked, id=20483, stack(0x0000700007ed4000,0x0000700007fd4000)]
  0x00007ff3ef811800 JavaThread "main" [_thread_in_Java, id=6147, stack(0x00007000074b6000,0x00007000075b6000)]

Other Threads:
  0x00007ff3ef804000 VMThread [stack: 0x0000700007dd1000,0x0000700007ed1000] [id=13059]
  0x00007ff3f0836800 WatcherThread [stack: 0x00007000089f5000,0x0000700008af5000] [id=43011]

VM state:not at safepoint (normal execution)

VM Mutex/Monitor currently owned by a thread: None

Heap:
 PSYoungGen      total 212480K, used 161743K [0x0000000795580000, 0x00000007a5c80000, 0x00000007c0000000)
  eden space 197632K, 77% used [0x0000000795580000,0x000000079eace518,0x00000007a1680000)
  from space 14848K, 59% used [0x00000007a1680000,0x00000007a1f25978,0x00000007a2500000)
  to   space 14336K, 0% used [0x00000007a4e80000,0x00000007a4e80000,0x00000007a5c80000)
 ParOldGen       total 88576K, used 26873K [0x0000000740000000, 0x0000000745680000, 0x0000000795580000)
  object space 88576K, 30% used [0x0000000740000000,0x0000000741a3e438,0x0000000745680000)
 Metaspace       used 50464K, capacity 52486K, committed 52608K, reserved 1095680K
  class space    used 6327K, capacity 6673K, committed 6784K, reserved 1048576K

Card table byte_map: [0x000000010736e000,0x000000010776f000] byte_map_base: 0x000000010396e000

Marking Bits: (ParMarkBitMap*) 0x00000001068f76e0
 Begin Bits: [0x0000000107a1a000, 0x0000000109a1a000)
 End Bits:   [0x0000000109a1a000, 0x000000010ba1a000)

Polling page: 0x0000000104f00000

CodeCache: size=245760Kb used=18221Kb max_used=18647Kb free=227538Kb
 bounds [0x000000010f69d000, 0x00000001108ed000, 0x000000011e69d000]
 total_blobs=5417 nmethods=4952 adapters=385
 compilation: enabled

Compilation events (10 events):
Event: 19.007 Thread 0x00007ff3f0007000 5837       2       java.util.IdentityHashMap::init (11 bytes)
Event: 19.008 Thread 0x00007ff3f0007000 nmethod 5837 0x0000000110026b50 code [0x0000000110026cc0, 0x0000000110026eb0]
Event: 19.027 Thread 0x00007ff3f0007000 5838       2       org.springframework.aop.support.AopUtils::findAdvisorsThatCanApply (155 bytes)
Event: 19.034 Thread 0x00007ff3f0007000 nmethod 5838 0x0000000110025810 code [0x0000000110025a60, 0x00000001100263a8]
Event: 19.034 Thread 0x00007ff3f0007000 5839       2       org.springframework.boot.web.server.WebServerFactoryCustomizerBeanPostProcessor::postProcessAfterInitialization (2 bytes)
Event: 19.034 Thread 0x00007ff3f0007000 nmethod 5839 0x00000001100254d0 code [0x0000000110025620, 0x0000000110025770]
Event: 19.040 Thread 0x00007ff3f0007000 5840       2       org.springframework.aop.support.StaticMethodMatcherPointcut::getMethodMatcher (2 bytes)
Event: 19.040 Thread 0x00007ff3f0007000 nmethod 5840 0x0000000110025190 code [0x00000001100252e0, 0x0000000110025430]
Event: 19.041 Thread 0x00007ff3f0007000 5841       2       org.springframework.beans.support.ResourceEditorRegistrar::registerCustomEditors (213 bytes)
Event: 19.051 Thread 0x00007ff3f0007000 nmethod 5841 0x0000000110590710 code [0x0000000110590b20, 0x0000000110592a98]

GC Heap History (10 events):
Event: 5.393 GC heap before
{Heap before GC invocations=9 (full 1):
 PSYoungGen      total 138752K, used 101573K [0x0000000795580000, 0x00000007a0600000, 0x00000007c0000000)
  eden space 131072K, 71% used [0x0000000795580000,0x000000079b138a68,0x000000079d580000)
  from space 7680K, 99% used [0x000000079d580000,0x000000079dcf8c68,0x000000079dd00000)
  to   space 9728K, 0% used [0x000000079fc80000,0x000000079fc80000,0x00000007a0600000)
 ParOldGen       total 56320K, used 10056K [0x0000000740000000, 0x0000000743700000, 0x0000000795580000)
  object space 56320K, 17% used [0x0000000740000000,0x00000007409d2248,0x0000000743700000)
 Metaspace       used 34171K, capacity 35320K, committed 35416K, reserved 1081344K
  class space    used 4313K, capacity 4574K, committed 4608K, reserved 1048576K
Event: 5.410 GC heap after
Heap after GC invocations=9 (full 1):
 PSYoungGen      total 169472K, used 9709K [0x0000000795580000, 0x00000007a2c80000, 0x00000007c0000000)
  eden space 159744K, 0% used [0x0000000795580000,0x0000000795580000,0x000000079f180000)
  from space 9728K, 99% used [0x000000079fc80000,0x00000007a05fb400,0x00000007a0600000)
  to   space 11264K, 0% used [0x000000079f180000,0x000000079f180000,0x000000079fc80000)
 ParOldGen       total 56320K, used 11094K [0x0000000740000000, 0x0000000743700000, 0x0000000795580000)
  object space 56320K, 19% used [0x0000000740000000,0x0000000740ad5850,0x0000000743700000)
 Metaspace       used 34171K, capacity 35320K, committed 35416K, reserved 1081344K
  class space    used 4313K, capacity 4574K, committed 4608K, reserved 1048576K
}
Event: 5.410 GC heap before
{Heap before GC invocations=10 (full 2):
 PSYoungGen      total 169472K, used 9709K [0x0000000795580000, 0x00000007a2c80000, 0x00000007c0000000)
  eden space 159744K, 0% used [0x0000000795580000,0x0000000795580000,0x000000079f180000)
  from space 9728K, 99% used [0x000000079fc80000,0x00000007a05fb400,0x00000007a0600000)
  to   space 11264K, 0% used [0x000000079f180000,0x000000079f180000,0x000000079fc80000)
 ParOldGen       total 56320K, used 11094K [0x0000000740000000, 0x0000000743700000, 0x0000000795580000)
  object space 56320K, 19% used [0x0000000740000000,0x0000000740ad5850,0x0000000743700000)
 Metaspace       used 34171K, capacity 35320K, committed 35416K, reserved 1081344K
  class space    used 4313K, capacity 4574K, committed 4608K, reserved 1048576K
Event: 5.500 GC heap after
Heap after GC invocations=10 (full 2):
 PSYoungGen      total 169472K, used 0K [0x0000000795580000, 0x00000007a2c80000, 0x00000007c0000000)
  eden space 159744K, 0% used [0x0000000795580000,0x0000000795580000,0x000000079f180000)
  from space 9728K, 0% used [0x000000079fc80000,0x000000079fc80000,0x00000007a0600000)
  to   space 11264K, 0% used [0x000000079f180000,0x000000079f180000,0x000000079fc80000)
 ParOldGen       total 88576K, used 14667K [0x0000000740000000, 0x0000000745680000, 0x0000000795580000)
  object space 88576K, 16% used [0x0000000740000000,0x0000000740e52d78,0x0000000745680000)
 Metaspace       used 34171K, capacity 35320K, committed 35416K, reserved 1081344K
  class space    used 4313K, capacity 4574K, committed 4608K, reserved 1048576K
}
Event: 8.712 GC heap before
{Heap before GC invocations=11 (full 2):
 PSYoungGen      total 169472K, used 159744K [0x0000000795580000, 0x00000007a2c80000, 0x00000007c0000000)
  eden space 159744K, 100% used [0x0000000795580000,0x000000079f180000,0x000000079f180000)
  from space 9728K, 0% used [0x000000079fc80000,0x000000079fc80000,0x00000007a0600000)
  to   space 11264K, 0% used [0x000000079f180000,0x000000079f180000,0x000000079fc80000)
 ParOldGen       total 88576K, used 14667K [0x0000000740000000, 0x0000000745680000, 0x0000000795580000)
  object space 88576K, 16% used [0x0000000740000000,0x0000000740e52d78,0x0000000745680000)
 Metaspace       used 40462K, capacity 41926K, committed 41984K, reserved 1085440K
  class space    used 5065K, capacity 5361K, committed 5376K, reserved 1048576K
Event: 8.727 GC heap after
Heap after GC invocations=11 (full 2):
 PSYoungGen      total 171008K, used 11252K [0x0000000795580000, 0x00000007a3180000, 0x00000007c0000000)
  eden space 159744K, 0% used [0x0000000795580000,0x0000000795580000,0x000000079f180000)
  from space 11264K, 99% used [0x000000079f180000,0x000000079fc7d038,0x000000079fc80000)
  to   space 12800K, 0% used [0x00000007a2500000,0x00000007a2500000,0x00000007a3180000)
 ParOldGen       total 88576K, used 15679K [0x0000000740000000, 0x0000000745680000, 0x0000000795580000)
  object space 88576K, 17% used [0x0000000740000000,0x0000000740f4ffe0,0x0000000745680000)
 Metaspace       used 40462K, capacity 41926K, committed 41984K, reserved 1085440K
  class space    used 5065K, capacity 5361K, committed 5376K, reserved 1048576K
}
Event: 11.097 GC heap before
{Heap before GC invocations=12 (full 2):
 PSYoungGen      total 171008K, used 170996K [0x0000000795580000, 0x00000007a3180000, 0x00000007c0000000)
  eden space 159744K, 100% used [0x0000000795580000,0x000000079f180000,0x000000079f180000)
  from space 11264K, 99% used [0x000000079f180000,0x000000079fc7d038,0x000000079fc80000)
  to   space 12800K, 0% used [0x00000007a2500000,0x00000007a2500000,0x00000007a3180000)
 ParOldGen       total 88576K, used 15679K [0x0000000740000000, 0x0000000745680000, 0x0000000795580000)
  object space 88576K, 17% used [0x0000000740000000,0x0000000740f4ffe0,0x0000000745680000)
 Metaspace       used 44852K, capacity 46410K, committed 46592K, reserved 1089536K
  class space    used 5581K, capacity 5859K, committed 5888K, reserved 1048576K
Event: 11.122 GC heap after
Heap after GC invocations=12 (full 2):
 PSYoungGen      total 210432K, used 12795K [0x0000000795580000, 0x00000007a3400000, 0x00000007c0000000)
  eden space 197632K, 0% used [0x0000000795580000,0x0000000795580000,0x00000007a1680000)
  from space 12800K, 99% used [0x00000007a2500000,0x00000007a317edc0,0x00000007a3180000)
  to   space 14848K, 0% used [0x00000007a1680000,0x00000007a1680000,0x00000007a2500000)
 ParOldGen       total 88576K, used 16277K [0x0000000740000000, 0x0000000745680000, 0x0000000795580000)
  object space 88576K, 18% used [0x0000000740000000,0x0000000740fe57d8,0x0000000745680000)
 Metaspace       used 44852K, capacity 46410K, committed 46592K, reserved 1089536K
  class space    used 5581K, capacity 5859K, committed 5888K, reserved 1048576K
}
Event: 15.975 GC heap before
{Heap before GC invocations=13 (full 2):
 PSYoungGen      total 210432K, used 210427K [0x0000000795580000, 0x00000007a3400000, 0x00000007c0000000)
  eden space 197632K, 100% used [0x0000000795580000,0x00000007a1680000,0x00000007a1680000)
  from space 12800K, 99% used [0x00000007a2500000,0x00000007a317edc0,0x00000007a3180000)
  to   space 14848K, 0% used [0x00000007a1680000,0x00000007a1680000,0x00000007a2500000)
 ParOldGen       total 88576K, used 16277K [0x0000000740000000, 0x0000000745680000, 0x0000000795580000)
  object space 88576K, 18% used [0x0000000740000000,0x0000000740fe57d8,0x0000000745680000)
 Metaspace       used 48765K, capacity 50566K, committed 50816K, reserved 1093632K
  class space    used 6116K, capacity 6439K, committed 6528K, reserved 1048576K
Event: 16.004 GC heap after
Heap after GC invocations=13 (full 2):
 PSYoungGen      total 212480K, used 8854K [0x0000000795580000, 0x00000007a5c80000, 0x00000007c0000000)
  eden space 197632K, 0% used [0x0000000795580000,0x0000000795580000,0x00000007a1680000)
  from space 14848K, 59% used [0x00000007a1680000,0x00000007a1f25978,0x00000007a2500000)
  to   space 14336K, 0% used [0x00000007a4e80000,0x00000007a4e80000,0x00000007a5c80000)
 ParOldGen       total 88576K, used 26873K [0x0000000740000000, 0x0000000745680000, 0x0000000795580000)
  object space 88576K, 30% used [0x0000000740000000,0x0000000741a3e438,0x0000000745680000)
 Metaspace       used 48765K, capacity 50566K, committed 50816K, reserved 1093632K
  class space    used 6116K, capacity 6439K, committed 6528K, reserved 1048576K
}

Deoptimization events (10 events):
Event: 19.093 Thread 0x00007ff3ef811800 Uncommon trap: reason=unhandled action=none pc=0x000000011077e2b0 method=java.lang.Class.getMethod(Ljava/lang/String;[Ljava/lang/Class;)Ljava/lang/reflect/Method; @ 61
Event: 19.093 Thread 0x00007ff3ef811800 Uncommon trap: reason=unhandled action=none pc=0x000000011077e2b0 method=java.lang.Class.getMethod(Ljava/lang/String;[Ljava/lang/Class;)Ljava/lang/reflect/Method; @ 61
Event: 19.093 Thread 0x00007ff3ef811800 Uncommon trap: reason=unhandled action=none pc=0x000000011077e2b0 method=java.lang.Class.getMethod(Ljava/lang/String;[Ljava/lang/Class;)Ljava/lang/reflect/Method; @ 61
Event: 19.093 Thread 0x00007ff3ef811800 Uncommon trap: reason=unhandled action=none pc=0x000000011077e2b0 method=java.lang.Class.getMethod(Ljava/lang/String;[Ljava/lang/Class;)Ljava/lang/reflect/Method; @ 61
Event: 19.096 Thread 0x00007ff3ef811800 Uncommon trap: reason=unhandled action=none pc=0x000000010fc07518 method=java.net.URLClassLoader.findClass(Ljava/lang/String;)Ljava/lang/Class; @ 44
Event: 19.096 Thread 0x00007ff3ef811800 Uncommon trap: reason=unhandled action=none pc=0x000000010fe44b1c method=java.net.URLClassLoader.findClass(Ljava/lang/String;)Ljava/lang/Class; @ 44
Event: 19.097 Thread 0x00007ff3ef811800 Uncommon trap: reason=unhandled action=none pc=0x000000010fc07518 method=java.net.URLClassLoader.findClass(Ljava/lang/String;)Ljava/lang/Class; @ 44
Event: 19.097 Thread 0x00007ff3ef811800 Uncommon trap: reason=unhandled action=none pc=0x000000010fe44b1c method=java.net.URLClassLoader.findClass(Ljava/lang/String;)Ljava/lang/Class; @ 44
Event: 19.097 Thread 0x00007ff3ef811800 Uncommon trap: reason=unhandled action=none pc=0x000000010fc07518 method=java.net.URLClassLoader.findClass(Ljava/lang/String;)Ljava/lang/Class; @ 44
Event: 19.097 Thread 0x00007ff3ef811800 Uncommon trap: reason=unhandled action=none pc=0x000000010fe44b1c method=java.net.URLClassLoader.findClass(Ljava/lang/String;)Ljava/lang/Class; @ 44

Classes redefined (0 events):
No events

Internal exceptions (10 events):
Event: 19.034 Thread 0x00007ff3ef811800 Exception <a 'java/lang/ClassNotFoundException': java/lang/ObjectCustomizer> (0x000000079e486f78) thrown at [/Users/java_re/workspace/8-2-build-macosx-x86_64/jdk8u171/10807/hotspot/src/share/vm/classfile/systemDictionary.cpp, line 210]
Event: 19.035 Thread 0x00007ff3ef811800 Exception <a 'java/lang/ClassNotFoundException': org/springframework/cloud/client/loadbalancer/AsyncLoadBalancerAutoConfigurationCustomizer> (0x000000079e4ca2e0) thrown at [/Users/java_re/workspace/8-2-build-macosx-x86_64/jdk8u171/10807/hotspot/src/share/
Event: 19.037 Thread 0x00007ff3ef811800 Exception <a 'java/lang/ClassNotFoundException': org/springframework/cloud/client/loadbalancer/AsyncLoadBalancerAutoConfiguration$$EnhancerBySpringCGLIB$$2bf9bb14Customizer> (0x000000079e51de60) thrown at [/Users/java_re/workspace/8-2-build-macosx-x86_64/
Event: 19.038 Thread 0x00007ff3ef811800 Exception <a 'java/lang/ClassNotFoundException': org/springframework/context/annotation/ConfigurationClassEnhancer$EnhancedConfigurationCustomizer> (0x000000079e567650) thrown at [/Users/java_re/workspace/8-2-build-macosx-x86_64/jdk8u171/10807/hotspot/src
Event: 19.042 Thread 0x00007ff3ef811800 Exception <a 'java/lang/ClassNotFoundException': java/lang/ObjectCustomizer> (0x000000079e58ccc8) thrown at [/Users/java_re/workspace/8-2-build-macosx-x86_64/jdk8u171/10807/hotspot/src/share/vm/classfile/systemDictionary.cpp, line 210]
Event: 19.087 Thread 0x00007ff3ef811800 Exception <a 'java/lang/ClassNotFoundException': org/springframework/cloud/client/loadbalancer/LoadBalancerAutoConfiguration$RetryInterceptorAutoConfigurationCustomizer> (0x000000079e5e0500) thrown at [/Users/java_re/workspace/8-2-build-macosx-x86_64/jdk8
Event: 19.089 Thread 0x00007ff3ef811800 Exception <a 'java/lang/ClassNotFoundException': org/springframework/cloud/client/loadbalancer/LoadBalancerAutoConfiguration$RetryInterceptorAutoConfiguration$$EnhancerBySpringCGLIB$$2d6a1718Customizer> (0x000000079e644230) thrown at [/Users/java_re/works
Event: 19.090 Thread 0x00007ff3ef811800 Exception <a 'java/lang/ClassNotFoundException': org/springframework/context/annotation/ConfigurationClassEnhancer$EnhancedConfigurationCustomizer> (0x000000079e691ba8) thrown at [/Users/java_re/workspace/8-2-build-macosx-x86_64/jdk8u171/10807/hotspot/src
Event: 19.096 Thread 0x00007ff3ef811800 Exception <a 'java/lang/ClassNotFoundException': java/lang/ObjectCustomizer> (0x000000079e6d8110) thrown at [/Users/java_re/workspace/8-2-build-macosx-x86_64/jdk8u171/10807/hotspot/src/share/vm/classfile/systemDictionary.cpp, line 210]
Event: 19.097 Thread 0x00007ff3ef811800 Exception <a 'java/lang/ClassNotFoundException': org/springframework/cloud/client/loadbalancer/LoadBalancerRetryPropertiesCustomizer> (0x000000079e7191a0) thrown at [/Users/java_re/workspace/8-2-build-macosx-x86_64/jdk8u171/10807/hotspot/src/share/vm/clas

Events (10 events):
Event: 19.097 Thread 0x00007ff3ef811800 DEOPT PACKING pc=0x000000010ff84ce0 sp=0x00007000075b2e40
Event: 19.097 Thread 0x00007ff3ef811800 DEOPT UNPACKING pc=0x000000010f6e4784 sp=0x00007000075b2b38 mode 1
Event: 19.097 Thread 0x00007ff3ef811800 DEOPT PACKING pc=0x000000010f9f883c sp=0x00007000075b3680
Event: 19.097 Thread 0x00007ff3ef811800 DEOPT UNPACKING pc=0x000000010f6e4784 sp=0x00007000075b3400 mode 1
Event: 19.097 Thread 0x00007ff3ef811800 DEOPT PACKING pc=0x000000010f9d5e74 sp=0x00007000075b3720
Event: 19.097 Thread 0x00007ff3ef811800 DEOPT UNPACKING pc=0x000000010f6e4784 sp=0x00007000075b3548 mode 1
Event: 19.097 loading class org/springframework/cloud/client/loadbalancer/LoadBalancerRetryPropertiesCustomizer
Event: 19.097 loading class org/springframework/cloud/client/loadbalancer/LoadBalancerRetryPropertiesCustomizer done
Event: 19.097 Thread 0x00007ff3ef811800 DEOPT PACKING pc=0x000000010fda139c sp=0x00007000075b3760
Event: 19.097 Thread 0x00007ff3ef811800 DEOPT UNPACKING pc=0x000000010f6e4784 sp=0x00007000075b34d8 mode 1


Dynamic libraries:
0x0000000017b43000 	/System/Library/Frameworks/Cocoa.framework/Versions/A/Cocoa
0x0000000017b43000 	/System/Library/Frameworks/Security.framework/Versions/A/Security
0x0000000017b43000 	/System/Library/Frameworks/ApplicationServices.framework/Versions/A/ApplicationServices
0x0000000017b43000 	/usr/lib/libz.1.dylib
0x0000000017b43000 	/usr/lib/libSystem.B.dylib
0x0000000017b43000 	/usr/lib/libobjc.A.dylib
0x0000000017b43000 	/System/Library/Frameworks/CoreFoundation.framework/Versions/A/CoreFoundation
0x0000000017b43000 	/System/Library/Frameworks/Foundation.framework/Versions/C/Foundation
0x0000000017b43000 	/System/Library/Frameworks/AppKit.framework/Versions/C/AppKit
0x0000000017b43000 	/System/Library/Frameworks/CoreData.framework/Versions/A/CoreData
0x0000000017b43000 	/System/Library/PrivateFrameworks/RemoteViewServices.framework/Versions/A/RemoteViewServices
0x0000000017b43000 	/System/Library/PrivateFrameworks/UIFoundation.framework/Versions/A/UIFoundation
0x0000000017b43000 	/System/Library/PrivateFrameworks/DFRFoundation.framework/Versions/A/DFRFoundation
0x0000000017b43000 	/System/Library/Frameworks/Metal.framework/Versions/A/Metal
0x0000000017b43000 	/System/Library/PrivateFrameworks/DesktopServicesPriv.framework/Versions/A/DesktopServicesPriv
0x0000000017b43000 	/usr/lib/libenergytrace.dylib
0x0000000017b43000 	/System/Library/PrivateFrameworks/SkyLight.framework/Versions/A/SkyLight
0x0000000017b43000 	/System/Library/Frameworks/CoreGraphics.framework/Versions/A/CoreGraphics
0x0000000017b43000 	/usr/lib/libScreenReader.dylib
0x0000000017b43000 	/System/Library/Frameworks/Accelerate.framework/Versions/A/Accelerate
0x0000000017b43000 	/System/Library/Frameworks/IOSurface.framework/Versions/A/IOSurface
0x0000000017b43000 	/System/Library/Frameworks/AudioToolbox.framework/Versions/A/AudioToolbox
0x0000000017b43000 	/System/Library/Frameworks/AudioUnit.framework/Versions/A/AudioUnit
0x0000000017b43000 	/System/Library/PrivateFrameworks/DataDetectorsCore.framework/Versions/A/DataDetectorsCore
0x0000000017b43000 	/System/Library/Frameworks/Carbon.framework/Versions/A/Frameworks/HIToolbox.framework/Versions/A/HIToolbox
0x0000000017b43000 	/usr/lib/libicucore.A.dylib
0x0000000017b43000 	/System/Library/Frameworks/QuartzCore.framework/Versions/A/QuartzCore
0x0000000017b43000 	/System/Library/PrivateFrameworks/SignpostNotification.framework/Versions/A/SignpostNotification
0x0000000017b43000 	/System/Library/Frameworks/Carbon.framework/Versions/A/Frameworks/SpeechRecognition.framework/Versions/A/SpeechRecognition
0x0000000017b43000 	/usr/lib/libauto.dylib
0x0000000017b43000 	/usr/lib/libxml2.2.dylib
0x0000000017b43000 	/System/Library/PrivateFrameworks/CoreUI.framework/Versions/A/CoreUI
0x0000000017b43000 	/System/Library/Frameworks/CoreAudio.framework/Versions/A/CoreAudio
0x0000000017b43000 	/System/Library/Frameworks/DiskArbitration.framework/Versions/A/DiskArbitration
0x0000000017b43000 	/usr/lib/liblangid.dylib
0x0000000017b43000 	/System/Library/PrivateFrameworks/MultitouchSupport.framework/Versions/A/MultitouchSupport
0x0000000017b43000 	/System/Library/Frameworks/IOKit.framework/Versions/A/IOKit
0x0000000017b43000 	/usr/lib/libDiagnosticMessagesClient.dylib
0x0000000017b43000 	/System/Library/Frameworks/CoreServices.framework/Versions/A/CoreServices
0x0000000017b43000 	/System/Library/PrivateFrameworks/PerformanceAnalysis.framework/Versions/A/PerformanceAnalysis
0x0000000017b43000 	/System/Library/Frameworks/OpenGL.framework/Versions/A/OpenGL
0x0000000017b43000 	/System/Library/Frameworks/ColorSync.framework/Versions/A/ColorSync
0x0000000017b43000 	/System/Library/Frameworks/CoreImage.framework/Versions/A/CoreImage
0x0000000017b43000 	/System/Library/Frameworks/CoreText.framework/Versions/A/CoreText
0x0000000017b43000 	/System/Library/Frameworks/ImageIO.framework/Versions/A/ImageIO
0x0000000017b43000 	/System/Library/PrivateFrameworks/Backup.framework/Versions/A/Backup
0x0000000017b43000 	/usr/lib/libarchive.2.dylib
0x0000000017b43000 	/System/Library/Frameworks/CFNetwork.framework/Versions/A/CFNetwork
0x0000000017b43000 	/System/Library/Frameworks/SystemConfiguration.framework/Versions/A/SystemConfiguration
0x0000000017b43000 	/usr/lib/libCRFSuite.dylib
0x0000000017b43000 	/usr/lib/libc++.1.dylib
0x0000000017b43000 	/usr/lib/libc++abi.dylib
0x0000000017b43000 	/usr/lib/system/libcache.dylib
0x0000000017b43000 	/usr/lib/system/libcommonCrypto.dylib
0x0000000017b43000 	/usr/lib/system/libcompiler_rt.dylib
0x0000000017b43000 	/usr/lib/system/libcopyfile.dylib
0x0000000017b43000 	/usr/lib/system/libcorecrypto.dylib
0x0000000017b43000 	/usr/lib/system/libdispatch.dylib
0x0000000017b43000 	/usr/lib/system/libdyld.dylib
0x0000000017b43000 	/usr/lib/system/libkeymgr.dylib
0x0000000017b43000 	/usr/lib/system/liblaunch.dylib
0x0000000017b43000 	/usr/lib/system/libmacho.dylib
0x0000000017b43000 	/usr/lib/system/libquarantine.dylib
0x0000000017b43000 	/usr/lib/system/libremovefile.dylib
0x0000000017b43000 	/usr/lib/system/libsystem_asl.dylib
0x0000000017b43000 	/usr/lib/system/libsystem_blocks.dylib
0x0000000017b43000 	/usr/lib/system/libsystem_c.dylib
0x0000000017b43000 	/usr/lib/system/libsystem_configuration.dylib
0x0000000017b43000 	/usr/lib/system/libsystem_coreservices.dylib
0x0000000017b43000 	/usr/lib/system/libsystem_darwin.dylib
0x0000000017b43000 	/usr/lib/system/libsystem_dnssd.dylib
0x0000000017b43000 	/usr/lib/system/libsystem_info.dylib
0x0000000017b43000 	/usr/lib/system/libsystem_m.dylib
0x0000000017b43000 	/usr/lib/system/libsystem_malloc.dylib
0x0000000017b43000 	/usr/lib/system/libsystem_network.dylib
0x0000000017b43000 	/usr/lib/system/libsystem_networkextension.dylib
0x0000000017b43000 	/usr/lib/system/libsystem_notify.dylib
0x0000000017b43000 	/usr/lib/system/libsystem_sandbox.dylib
0x0000000017b43000 	/usr/lib/system/libsystem_secinit.dylib
0x0000000017b43000 	/usr/lib/system/libsystem_kernel.dylib
0x0000000017b43000 	/usr/lib/system/libsystem_platform.dylib
0x0000000017b43000 	/usr/lib/system/libsystem_pthread.dylib
0x0000000017b43000 	/usr/lib/system/libsystem_symptoms.dylib
0x0000000017b43000 	/usr/lib/system/libsystem_trace.dylib
0x0000000017b43000 	/usr/lib/system/libunwind.dylib
0x0000000017b43000 	/usr/lib/system/libxpc.dylib
0x0000000017b43000 	/usr/lib/closure/libclosured.dylib
0x0000000017b43000 	/usr/lib/libbsm.0.dylib
0x0000000017b43000 	/usr/lib/system/libkxld.dylib
0x0000000017b43000 	/usr/lib/libOpenScriptingUtil.dylib
0x0000000017b43000 	/usr/lib/libcoretls.dylib
0x0000000017b43000 	/usr/lib/libcoretls_cfhelpers.dylib
0x0000000017b43000 	/usr/lib/libpam.2.dylib
0x0000000017b43000 	/usr/lib/libsqlite3.dylib
0x0000000017b43000 	/usr/lib/libxar.1.dylib
0x0000000017b43000 	/usr/lib/libbz2.1.0.dylib
0x0000000017b43000 	/usr/lib/liblzma.5.dylib
0x0000000017b43000 	/usr/lib/libnetwork.dylib
0x0000000017b43000 	/usr/lib/libapple_nghttp2.dylib
0x0000000017b43000 	/usr/lib/libpcap.A.dylib
0x0000000017b43000 	/usr/lib/libboringssl.dylib
0x0000000017b43000 	/usr/lib/libusrtcp.dylib
0x0000000017b43000 	/usr/lib/libapple_crypto.dylib
0x0000000017b43000 	/System/Library/Frameworks/CoreServices.framework/Versions/A/Frameworks/FSEvents.framework/Versions/A/FSEvents
0x0000000017b43000 	/System/Library/Frameworks/CoreServices.framework/Versions/A/Frameworks/CarbonCore.framework/Versions/A/CarbonCore
0x0000000017b43000 	/System/Library/Frameworks/CoreServices.framework/Versions/A/Frameworks/Metadata.framework/Versions/A/Metadata
0x0000000017b43000 	/System/Library/Frameworks/CoreServices.framework/Versions/A/Frameworks/OSServices.framework/Versions/A/OSServices
0x0000000017b43000 	/System/Library/Frameworks/CoreServices.framework/Versions/A/Frameworks/SearchKit.framework/Versions/A/SearchKit
0x0000000017b43000 	/System/Library/Frameworks/CoreServices.framework/Versions/A/Frameworks/AE.framework/Versions/A/AE
0x0000000017b43000 	/System/Library/Frameworks/CoreServices.framework/Versions/A/Frameworks/LaunchServices.framework/Versions/A/LaunchServices
0x0000000017b43000 	/System/Library/Frameworks/CoreServices.framework/Versions/A/Frameworks/DictionaryServices.framework/Versions/A/DictionaryServices
0x0000000017b43000 	/System/Library/Frameworks/CoreServices.framework/Versions/A/Frameworks/SharedFileList.framework/Versions/A/SharedFileList
0x0000000017b43000 	/System/Library/Frameworks/NetFS.framework/Versions/A/NetFS
0x0000000017b43000 	/System/Library/PrivateFrameworks/NetAuth.framework/Versions/A/NetAuth
0x0000000017b43000 	/System/Library/PrivateFrameworks/login.framework/Versions/A/Frameworks/loginsupport.framework/Versions/A/loginsupport
0x0000000017b43000 	/System/Library/PrivateFrameworks/TCC.framework/Versions/A/TCC
0x0000000017b43000 	/usr/lib/libmecabra.dylib
0x0000000017b43000 	/System/Library/Frameworks/ApplicationServices.framework/Versions/A/Frameworks/ATS.framework/Versions/A/ATS
0x0000000017b43000 	/System/Library/Frameworks/ApplicationServices.framework/Versions/A/Frameworks/ColorSyncLegacy.framework/Versions/A/ColorSyncLegacy
0x0000000017b43000 	/System/Library/Frameworks/ApplicationServices.framework/Versions/A/Frameworks/HIServices.framework/Versions/A/HIServices
0x0000000017b43000 	/System/Library/Frameworks/ApplicationServices.framework/Versions/A/Frameworks/LangAnalysis.framework/Versions/A/LangAnalysis
0x0000000017b43000 	/System/Library/Frameworks/ApplicationServices.framework/Versions/A/Frameworks/PrintCore.framework/Versions/A/PrintCore
0x0000000017b43000 	/System/Library/Frameworks/ApplicationServices.framework/Versions/A/Frameworks/QD.framework/Versions/A/QD
0x0000000017b43000 	/System/Library/Frameworks/ApplicationServices.framework/Versions/A/Frameworks/SpeechSynthesis.framework/Versions/A/SpeechSynthesis
0x0000000017b43000 	/System/Library/Frameworks/CoreDisplay.framework/Versions/A/CoreDisplay
0x0000000017b43000 	/System/Library/Frameworks/Accelerate.framework/Versions/A/Frameworks/vImage.framework/Versions/A/vImage
0x0000000017b43000 	/System/Library/Frameworks/Accelerate.framework/Versions/A/Frameworks/vecLib.framework/Versions/A/vecLib
0x0000000017b43000 	/System/Library/Frameworks/Accelerate.framework/Versions/A/Frameworks/vecLib.framework/Versions/A/libvDSP.dylib
0x0000000017b43000 	/System/Library/Frameworks/Accelerate.framework/Versions/A/Frameworks/vecLib.framework/Versions/A/libBNNS.dylib
0x0000000017b43000 	/System/Library/Frameworks/Accelerate.framework/Versions/A/Frameworks/vecLib.framework/Versions/A/libQuadrature.dylib
0x0000000017b43000 	/System/Library/Frameworks/Accelerate.framework/Versions/A/Frameworks/vecLib.framework/Versions/A/libvMisc.dylib
0x0000000017b43000 	/System/Library/Frameworks/Accelerate.framework/Versions/A/Frameworks/vecLib.framework/Versions/A/libLAPACK.dylib
0x0000000017b43000 	/System/Library/Frameworks/Accelerate.framework/Versions/A/Frameworks/vecLib.framework/Versions/A/libBLAS.dylib
0x0000000017b43000 	/System/Library/Frameworks/Accelerate.framework/Versions/A/Frameworks/vecLib.framework/Versions/A/libLinearAlgebra.dylib
0x0000000017b43000 	/System/Library/Frameworks/Accelerate.framework/Versions/A/Frameworks/vecLib.framework/Versions/A/libSparse.dylib
0x0000000017b43000 	/System/Library/Frameworks/Accelerate.framework/Versions/A/Frameworks/vecLib.framework/Versions/A/libSparseBLAS.dylib
0x0000000017b43000 	/System/Library/PrivateFrameworks/GPUWrangler.framework/Versions/A/GPUWrangler
0x0000000017b43000 	/System/Library/PrivateFrameworks/IOAccelerator.framework/Versions/A/IOAccelerator
0x0000000017b43000 	/System/Library/PrivateFrameworks/IOPresentment.framework/Versions/A/IOPresentment
0x0000000017b43000 	/System/Library/PrivateFrameworks/DSExternalDisplay.framework/Versions/A/DSExternalDisplay
0x0000000017b43000 	/System/Library/Frameworks/OpenGL.framework/Versions/A/Libraries/libCoreFSCache.dylib
0x0000000017b43000 	/System/Library/Frameworks/CoreVideo.framework/Versions/A/CoreVideo
0x0000000017b43000 	/System/Library/PrivateFrameworks/GraphVisualizer.framework/Versions/A/GraphVisualizer
0x0000000017b43000 	/System/Library/Frameworks/MetalPerformanceShaders.framework/Versions/A/MetalPerformanceShaders
0x0000000017b43000 	/usr/lib/libFosl_dynamic.dylib
0x0000000017b43000 	/System/Library/PrivateFrameworks/FaceCore.framework/Versions/A/FaceCore
0x0000000017b43000 	/System/Library/Frameworks/OpenCL.framework/Versions/A/OpenCL
0x0000000017b43000 	/usr/lib/libcompression.dylib
0x0000000017b43000 	/System/Library/Frameworks/ApplicationServices.framework/Versions/A/Frameworks/ATS.framework/Versions/A/Resources/libFontParser.dylib
0x0000000017b43000 	/System/Library/Frameworks/ApplicationServices.framework/Versions/A/Frameworks/ATS.framework/Versions/A/Resources/libFontRegistry.dylib
0x0000000017b43000 	/System/Library/Frameworks/ImageIO.framework/Versions/A/Resources/libJPEG.dylib
0x0000000017b43000 	/System/Library/Frameworks/ImageIO.framework/Versions/A/Resources/libTIFF.dylib
0x0000000017b43000 	/System/Library/Frameworks/ImageIO.framework/Versions/A/Resources/libPng.dylib
0x0000000017b43000 	/System/Library/Frameworks/ImageIO.framework/Versions/A/Resources/libGIF.dylib
0x0000000017b43000 	/System/Library/Frameworks/ImageIO.framework/Versions/A/Resources/libJP2.dylib
0x0000000017b43000 	/System/Library/Frameworks/ImageIO.framework/Versions/A/Resources/libRadiance.dylib
0x0000000017b43000 	/System/Library/PrivateFrameworks/AppleJPEG.framework/Versions/A/AppleJPEG
0x0000000017b43000 	/System/Library/Frameworks/MetalPerformanceShaders.framework/Frameworks/MPSCore.framework/Versions/A/MPSCore
0x0000000017b43000 	/System/Library/Frameworks/MetalPerformanceShaders.framework/Frameworks/MPSImage.framework/Versions/A/MPSImage
0x0000000017b43000 	/System/Library/Frameworks/MetalPerformanceShaders.framework/Frameworks/MPSNeuralNetwork.framework/Versions/A/MPSNeuralNetwork
0x0000000017b43000 	/System/Library/Frameworks/MetalPerformanceShaders.framework/Frameworks/MPSMatrix.framework/Versions/A/MPSMatrix
0x0000000017b43000 	/System/Library/PrivateFrameworks/MetalTools.framework/Versions/A/MetalTools
0x0000000017b43000 	/System/Library/Frameworks/OpenGL.framework/Versions/A/Libraries/libGLU.dylib
0x0000000017b43000 	/System/Library/Frameworks/OpenGL.framework/Versions/A/Libraries/libGFXShared.dylib
0x0000000017b43000 	/System/Library/Frameworks/OpenGL.framework/Versions/A/Libraries/libGL.dylib
0x0000000017b43000 	/System/Library/Frameworks/OpenGL.framework/Versions/A/Libraries/libGLImage.dylib
0x0000000017b43000 	/System/Library/Frameworks/OpenGL.framework/Versions/A/Libraries/libCVMSPluginSupport.dylib
0x0000000017b43000 	/System/Library/Frameworks/OpenGL.framework/Versions/A/Libraries/libCoreVMClient.dylib
0x0000000017b43000 	/usr/lib/libcups.2.dylib
0x0000000017b43000 	/System/Library/Frameworks/Kerberos.framework/Versions/A/Kerberos
0x0000000017b43000 	/System/Library/Frameworks/GSS.framework/Versions/A/GSS
0x0000000017b43000 	/usr/lib/libresolv.9.dylib
0x0000000017b43000 	/usr/lib/libiconv.2.dylib
0x0000000017b43000 	/System/Library/PrivateFrameworks/Heimdal.framework/Versions/A/Heimdal
0x0000000017b43000 	/usr/lib/libheimdal-asn1.dylib
0x0000000017b43000 	/System/Library/Frameworks/OpenDirectory.framework/Versions/A/OpenDirectory
0x0000000017b43000 	/System/Library/PrivateFrameworks/CommonAuth.framework/Versions/A/CommonAuth
0x0000000017b43000 	/System/Library/Frameworks/OpenDirectory.framework/Versions/A/Frameworks/CFOpenDirectory.framework/Versions/A/CFOpenDirectory
0x0000000017b43000 	/System/Library/Frameworks/SecurityFoundation.framework/Versions/A/SecurityFoundation
0x0000000017b43000 	/System/Library/PrivateFrameworks/APFS.framework/Versions/A/APFS
0x0000000017b43000 	/usr/lib/libutil.dylib
0x0000000017b43000 	/System/Library/PrivateFrameworks/AppleSauce.framework/Versions/A/AppleSauce
0x0000000017b43000 	/System/Library/PrivateFrameworks/LinguisticData.framework/Versions/A/LinguisticData
0x0000000017b43000 	/usr/lib/libmarisa.dylib
0x0000000017b43000 	/System/Library/PrivateFrameworks/Lexicon.framework/Versions/A/Lexicon
0x0000000017b43000 	/usr/lib/libChineseTokenizer.dylib
0x0000000017b43000 	/usr/lib/libcmph.dylib
0x0000000017b43000 	/System/Library/PrivateFrameworks/LanguageModeling.framework/Versions/A/LanguageModeling
0x0000000017b43000 	/System/Library/PrivateFrameworks/CoreEmoji.framework/Versions/A/CoreEmoji
0x0000000017b43000 	/System/Library/Frameworks/ServiceManagement.framework/Versions/A/ServiceManagement
0x0000000017b43000 	/System/Library/PrivateFrameworks/BackgroundTaskManagement.framework/Versions/A/BackgroundTaskManagement
0x0000000017b43000 	/usr/lib/libxslt.1.dylib
0x0000000017b43000 	/System/Library/Frameworks/Carbon.framework/Versions/A/Frameworks/Ink.framework/Versions/A/Ink
0x0000000017b43000 	/System/Library/PrivateFrameworks/TextureIO.framework/Versions/A/TextureIO
0x0000000017b43000 	/usr/lib/libate.dylib
0x0000000017b43000 	/System/Library/PrivateFrameworks/CrashReporterSupport.framework/Versions/A/CrashReporterSupport
0x0000000017b43000 	/System/Library/PrivateFrameworks/Sharing.framework/Versions/A/Sharing
0x0000000017b43000 	/System/Library/PrivateFrameworks/IconServices.framework/Versions/A/IconServices
0x0000000017b43000 	/System/Library/PrivateFrameworks/Apple80211.framework/Versions/A/Apple80211
0x0000000017b43000 	/System/Library/PrivateFrameworks/CoreUtils.framework/Versions/A/CoreUtils
0x0000000017b43000 	/System/Library/Frameworks/CoreWLAN.framework/Versions/A/CoreWLAN
0x0000000017b43000 	/System/Library/Frameworks/IOBluetooth.framework/Versions/A/IOBluetooth
0x0000000017b43000 	/System/Library/PrivateFrameworks/ProtocolBuffer.framework/Versions/A/ProtocolBuffer
0x0000000017b43000 	/System/Library/PrivateFrameworks/CoreWiFi.framework/Versions/A/CoreWiFi
0x0000000017b43000 	/System/Library/Frameworks/CoreBluetooth.framework/Versions/A/CoreBluetooth
0x0000000017b43000 	/System/Library/PrivateFrameworks/DebugSymbols.framework/Versions/A/DebugSymbols
0x0000000017b43000 	/System/Library/PrivateFrameworks/CoreSymbolication.framework/Versions/A/CoreSymbolication
0x0000000017b43000 	/System/Library/PrivateFrameworks/Symbolication.framework/Versions/A/Symbolication
0x0000000017b43000 	/System/Library/PrivateFrameworks/AppleFSCompression.framework/Versions/A/AppleFSCompression
0x0000000017b43000 	/System/Library/PrivateFrameworks/SpeechRecognitionCore.framework/Versions/A/SpeechRecognitionCore
0x0000000017b43000 	/System/Library/CoreServices/Encodings/libSimplifiedChineseConverter.dylib
0x0000000106000000 	/Library/Java/JavaVirtualMachines/jdk1.8.0_171.jdk/Contents/Home/jre/lib/server/libjvm.dylib
0x0000000017b43000 	/usr/lib/libstdc++.6.0.9.dylib
0x0000000104ebc000 	/Library/Java/JavaVirtualMachines/jdk1.8.0_171.jdk/Contents/Home/jre/lib/libverify.dylib
0x0000000104eca000 	/Library/Java/JavaVirtualMachines/jdk1.8.0_171.jdk/Contents/Home/jre/lib/libjava.dylib
0x0000000104f01000 	/Library/Java/JavaVirtualMachines/jdk1.8.0_171.jdk/Contents/Home/jre/lib/libjdwp.dylib
0x0000000104f4c000 	/Library/Java/JavaVirtualMachines/jdk1.8.0_171.jdk/Contents/Home/jre/lib/libnpt.dylib
0x0000000104f99000 	/Library/Java/JavaVirtualMachines/jdk1.8.0_171.jdk/Contents/Home/jre/lib/libzip.dylib
0x000000010e57c000 	/Library/Java/JavaVirtualMachines/jdk1.8.0_171.jdk/Contents/Home/jre/lib/libdt_socket.dylib
0x000000010f0ac000 	/Library/Java/JavaVirtualMachines/jdk1.8.0_171.jdk/Contents/Home/jre/lib/libnet.dylib
0x000000010f562000 	/Library/Java/JavaVirtualMachines/jdk1.8.0_171.jdk/Contents/Home/jre/lib/libmanagement.dylib
0x000000010f471000 	/Library/Java/JavaVirtualMachines/jdk1.8.0_171.jdk/Contents/Home/jre/lib/libnio.dylib

VM Arguments:
jvm_args: -agentlib:jdwp=transport=dt_socket,suspend=y,address=localhost:49565 -Dfile.encoding=UTF-8 
java_command: com.tmall.server.product.TmallProductServerApplication --spring.profiles.active=dev --server.port=8002
java_class_path (initial): /Library/Java/JavaVirtualMachines/jdk1.8.0_171.jdk/Contents/Home/jre/lib/resources.jar:/Library/Java/JavaVirtualMachines/jdk1.8.0_171.jdk/Contents/Home/jre/lib/rt.jar:/Library/Java/JavaVirtualMachines/jdk1.8.0_171.jdk/Contents/Home/jre/lib/jsse.jar:/Library/Java/JavaVirtualMachines/jdk1.8.0_171.jdk/Contents/Home/jre/lib/jce.jar:/Library/Java/JavaVirtualMachines/jdk1.8.0_171.jdk/Contents/Home/jre/lib/charsets.jar:/Library/Java/JavaVirtualMachines/jdk1.8.0_171.jdk/Contents/Home/jre/lib/jfr.jar:/Library/Java/JavaVirtualMachines/jdk1.8.0_171.jdk/Contents/Home/jre/lib/ext/cldrdata.jar:/Library/Java/JavaVirtualMachines/jdk1.8.0_171.jdk/Contents/Home/jre/lib/ext/dnsns.jar:/Library/Java/JavaVirtualMachines/jdk1.8.0_171.jdk/Contents/Home/jre/lib/ext/jaccess.jar:/Library/Java/JavaVirtualMachines/jdk1.8.0_171.jdk/Contents/Home/jre/lib/ext/jfxrt.jar:/Library/Java/JavaVirtualMachines/jdk1.8.0_171.jdk/Contents/Home/jre/lib/ext/localedata.jar:/Library/Java/JavaVirtualMachines/jdk1.8.0_171.jdk/Contents/Home/jre/lib/ext/nashorn.jar:/Library/Java/JavaVirtualMachines/jdk1.8.0_171.jdk/Contents/Home/jre/lib/ext/sunec.jar:/Library/Java/JavaVirtualMachines/jdk1.8.0_171.jdk/Contents/Home/jre/lib/ext/sunjce_provider.jar:/Library/Java/JavaVirtualMachines/jdk1.8.0_171.jdk/Contents/Home/jre/lib/ext/sunpkcs11.jar:/Library/Java/JavaVirtualMachines/jdk1.8.0_171.jdk/Contents/Home/jre/lib/ext/zipfs.jar:/System/Library/Java/Extensions/MRJToolkit.jar:/Users/joker/Java/oxygen_workspace/tmall_micro/tm-server-product/tm-server-product-provider/target/classes:/Users/joker/Java/oxygen_workspace/tmall_micro/tm-test/target/classes:/Users/joker/.m2/repository/org/springframework/cloud/spring-cloud-starter-openfeign/2.0.1.RELEASE/spring-cloud-starter-openfeign-2.0.1.RELEASE.jar:/Users/joker/.m2/repository/org/springframework/cloud/spring-cloud-starter/2.0.1.RELEASE/spring-cloud-starter-2.0.1.RELEASE.jar:/Users/joker/.m2/repository/org/springframework/cloud/spring-cloud-context/2.0
Launcher Type: SUN_STANDARD

Environment Variables:
PATH=/usr/bin:/bin:/usr/sbin:/sbin
SHELL=/bin/bash

Signal Handlers:
SIGSEGV: [libjvm.dylib+0x5b512d], sa_mask[0]=11111111011111110111111111111111, sa_flags=SA_ONSTACK|SA_RESTART|SA_SIGINFO
SIGBUS: [libjvm.dylib+0x5b512d], sa_mask[0]=11111111011111110111111111111111, sa_flags=SA_RESTART|SA_SIGINFO
SIGFPE: [libjvm.dylib+0x48aa90], sa_mask[0]=11111111011111110111111111111111, sa_flags=SA_RESTART|SA_SIGINFO
SIGPIPE: [libjvm.dylib+0x48aa90], sa_mask[0]=11111111011111110111111111111111, sa_flags=SA_RESTART|SA_SIGINFO
SIGXFSZ: [libjvm.dylib+0x48aa90], sa_mask[0]=11111111011111110111111111111111, sa_flags=SA_RESTART|SA_SIGINFO
SIGILL: [libjvm.dylib+0x48aa90], sa_mask[0]=11111111011111110111111111111111, sa_flags=SA_RESTART|SA_SIGINFO
SIGUSR1: SIG_DFL, sa_mask[0]=00000000000000000000000000000000, sa_flags=none
SIGUSR2: [libjvm.dylib+0x48a5ae], sa_mask[0]=00100000000000000000000000000000, sa_flags=SA_RESTART|SA_SIGINFO
SIGHUP: [libjvm.dylib+0x488b79], sa_mask[0]=11111111011111110111111111111111, sa_flags=SA_RESTART|SA_SIGINFO
SIGINT: [libjvm.dylib+0x488b79], sa_mask[0]=11111111011111110111111111111111, sa_flags=SA_RESTART|SA_SIGINFO
SIGTERM: [libjvm.dylib+0x488b79], sa_mask[0]=11111111011111110111111111111111, sa_flags=SA_RESTART|SA_SIGINFO
SIGQUIT: [libjvm.dylib+0x488b79], sa_mask[0]=11111111011111110111111111111111, sa_flags=SA_RESTART|SA_SIGINFO


---------------  S Y S T E M  ---------------

OS:Bsduname:Darwin 17.5.0 Darwin Kernel Version 17.5.0: Mon Mar  5 22:24:32 PST 2018; root:xnu-4570.51.1~1/RELEASE_X86_64 x86_64
rlimit: STACK 8192k, CORE 0k, NPROC 709, NOFILE 10240, AS infinity
load average:9.90 5.59 3.23

CPU:total 8 (initial active 8) (4 cores per cpu, 2 threads per core) family 6 model 60 stepping 3, cmov, cx8, fxsr, mmx, sse, sse2, sse3, ssse3, sse4.1, sse4.2, popcnt, avx, avx2, aes, clmul, erms, lzcnt, ht, tsc, tscinvbit, bmi1, bmi2

Memory: 4k page, physical 8388608k(54596k free)

/proc/meminfo:


vm_info: Java HotSpot(TM) 64-Bit Server VM (25.171-b11) for bsd-amd64 JRE (1.8.0_171-b11), built on Mar 28 2018 12:50:57 by "java_re" with gcc 4.2.1 (Based on Apple Inc. build 5658) (LLVM build 2336.11.00)

time: Mon Sep 17 09:51:19 2018
elapsed time: 19 seconds (0d 0h 0m 19s)

